# JRE version: Java(TM) SE Runtime Environment (8.0_121-b13) (build 1.8.0_121-b13)
# Java VM: Java HotSpot(TM) 64-Bit Server VM (25.121-b13 mixed mode linux-amd64 compressed oops)
Heap:
 def new generation   total 195072K, used 0K [0x00000000d0000000, 0x00000000dd3a0000, 0x00000000e0000000)
  eden space 173440K,   0% used [0x00000000d0000000, 0x00000000d0000000, 0x00000000da960000)
  from space 21632K,   0% used [0x00000000da960000, 0x00000000da960000, 0x00000000dbe80000)
  to   space 21632K,   0% used [0x00000000dbe80000, 0x00000000dbe80000, 0x00000000dd3a0000)
 tenured generation   total 434492K, used 307658K [0x00000000e0000000, 0x00000000fa84f000, 0x0000000100000000)
   the space 434492K,  70% used [0x00000000e0000000, 0x00000000f2c72968, 0x00000000f2c72a00, 0x00000000fa84f000)
 Metaspace       used 52066K, capacity 52670K, committed 52992K, reserved 1095680K
  class space    used 6647K, capacity 6827K, committed 6912K, reserved 1048576K
GC Heap History (10 events):
Event: 873.222 GC heap after
Heap after GC invocations=163 (full 3):
 def new generation   total 195072K, used 9166K [0x00000000d0000000, 0x00000000dd3a0000, 0x00000000e0000000)
  eden space 173440K,   0% used [0x00000000d0000000, 0x00000000d0000000, 0x00000000da960000)
  from space 21632K,  42% used [0x00000000dbe80000, 0x00000000dc773960, 0x00000000dd3a0000)
  to   space 21632K,   0% used [0x00000000da960000, 0x00000000da960000, 0x00000000dbe80000)
 tenured generation   total 433340K, used 432322K [0x00000000e0000000, 0x00000000fa72f000, 0x0000000100000000)
   the space 433340K,  99% used [0x00000000e0000000, 0x00000000fa630b50, 0x00000000fa630c00, 0x00000000fa72f000)
 Metaspace       used 52046K, capacity 52670K, committed 52992K, reserved 1095680K
  class space    used 6646K, capacity 6827K, committed 6912K, reserved 1048576K
}
Event: 891.882 GC heap before
{Heap before GC invocations=163 (full 3):
 def new generation   total 195072K, used 182606K [0x00000000d0000000, 0x00000000dd3a0000, 0x00000000e0000000)
  eden space 173440K, 100% used [0x00000000d0000000, 0x00000000da960000, 0x00000000da960000)
  from space 21632K,  42% used [0x00000000dbe80000, 0x00000000dc773960, 0x00000000dd3a0000)
  to   space 21632K,   0% used [0x00000000da960000, 0x00000000da960000, 0x00000000dbe80000)
 tenured generation   total 433340K, used 432322K [0x00000000e0000000, 0x00000000fa72f000, 0x0000000100000000)
   the space 433340K,  99% used [0x00000000e0000000, 0x00000000fa630b50, 0x00000000fa630c00, 0x00000000fa72f000)
 Metaspace       used 52047K, capacity 52670K, committed 52992K, reserved 1095680K
  class space    used 6646K, capacity 6827K, committed 6912K, reserved 1048576K
Event: 891.891 GC heap after
Heap after GC invocations=164 (full 3):
 def new generation   total 195072K, used 9984K [0x00000000d0000000, 0x00000000dd3a0000, 0x00000000e0000000)
  eden space 173440K,   0% used [0x00000000d0000000, 0x00000000d0000000, 0x00000000da960000)
  from space 21632K,  46% used [0x00000000da960000, 0x00000000db3202e0, 0x00000000dbe80000)
  to   space 21632K,   0% used [0x00000000dbe80000, 0x00000000dbe80000, 0x00000000dd3a0000)
 tenured generation   total 433340K, used 432322K [0x00000000e0000000, 0x00000000fa72f000, 0x0000000100000000)
   the space 433340K,  99% used [0x00000000e0000000, 0x00000000fa630b50, 0x00000000fa630c00, 0x00000000fa72f000)
 Metaspace       used 52047K, capacity 52670K, committed 52992K, reserved 1095680K
  class space    used 6646K, capacity 6827K, committed 6912K, reserved 1048576K
}
Event: 908.813 GC heap before
{Heap before GC invocations=164 (full 3):
 def new generation   total 195072K, used 183424K [0x00000000d0000000, 0x00000000dd3a0000, 0x00000000e0000000)
  eden space 173440K, 100% used [0x00000000d0000000, 0x00000000da960000, 0x00000000da960000)
  from space 21632K,  46% used [0x00000000da960000, 0x00000000db3202e0, 0x00000000dbe80000)
  to   space 21632K,   0% used [0x00000000dbe80000, 0x00000000dbe80000, 0x00000000dd3a0000)
 tenured generation   total 433340K, used 432322K [0x00000000e0000000, 0x00000000fa72f000, 0x0000000100000000)
   the space 433340K,  99% used [0x00000000e0000000, 0x00000000fa630b50, 0x00000000fa630c00, 0x00000000fa72f000)
 Metaspace       used 52050K, capacity 52670K, committed 52992K, reserved 1095680K
  class space    used 6646K, capacity 6827K, committed 6912K, reserved 1048576K
Event: 908.822 GC heap after
Heap after GC invocations=165 (full 3):
 def new generation   total 195072K, used 9328K [0x00000000d0000000, 0x00000000dd3a0000, 0x00000000e0000000)
  eden space 173440K,   0% used [0x00000000d0000000, 0x00000000d0000000, 0x00000000da960000)
  from space 21632K,  43% used [0x00000000dbe80000, 0x00000000dc79c350, 0x00000000dd3a0000)
  to   space 21632K,   0% used [0x00000000da960000, 0x00000000da960000, 0x00000000dbe80000)
 tenured generation   total 433340K, used 432322K [0x00000000e0000000, 0x00000000fa72f000, 0x0000000100000000)
   the space 433340K,  99% used [0x00000000e0000000, 0x00000000fa630b50, 0x00000000fa630c00, 0x00000000fa72f000)
 Metaspace       used 52050K, capacity 52670K, committed 52992K, reserved 1095680K
  class space    used 6646K, capacity 6827K, committed 6912K, reserved 1048576K
}
Event: 927.915 GC heap before
{Heap before GC invocations=165 (full 3):
 def new generation   total 195072K, used 182768K [0x00000000d0000000, 0x00000000dd3a0000, 0x00000000e0000000)
  eden space 173440K, 100% used [0x00000000d0000000, 0x00000000da960000, 0x00000000da960000)
  from space 21632K,  43% used [0x00000000dbe80000, 0x00000000dc79c350, 0x00000000dd3a0000)
  to   space 21632K,   0% used [0x00000000da960000, 0x00000000da960000, 0x00000000dbe80000)
 tenured generation   total 433340K, used 432322K [0x00000000e0000000, 0x00000000fa72f000, 0x0000000100000000)
   the space 433340K,  99% used [0x00000000e0000000, 0x00000000fa630b50, 0x00000000fa630c00, 0x00000000fa72f000)
 Metaspace       used 52052K, capacity 52670K, committed 52992K, reserved 1095680K
  class space    used 6646K, capacity 6827K, committed 6912K, reserved 1048576K
Event: 927.924 GC heap after
Heap after GC invocations=166 (full 3):
 def new generation   total 195072K, used 9305K [0x00000000d0000000, 0x00000000dd3a0000, 0x00000000e0000000)
  eden space 173440K,   0% used [0x00000000d0000000, 0x00000000d0000000, 0x00000000da960000)
  from space 21632K,  43% used [0x00000000da960000, 0x00000000db276618, 0x00000000dbe80000)
  to   space 21632K,   0% used [0x00000000dbe80000, 0x00000000dbe80000, 0x00000000dd3a0000)
 tenured generation   total 433340K, used 432322K [0x00000000e0000000, 0x00000000fa72f000, 0x0000000100000000)
   the space 433340K,  99% used [0x00000000e0000000, 0x00000000fa630b50, 0x00000000fa630c00, 0x00000000fa72f000)
 Metaspace       used 52052K, capacity 52670K, committed 52992K, reserved 1095680K
  class space    used 6646K, capacity 6827K, committed 6912K, reserved 1048576K
}
Event: 943.962 GC heap before
{Heap before GC invocations=166 (full 3):
 def new generation   total 195072K, used 182745K [0x00000000d0000000, 0x00000000dd3a0000, 0x00000000e0000000)
  eden space 173440K, 100% used [0x00000000d0000000, 0x00000000da960000, 0x00000000da960000)
  from space 21632K,  43% used [0x00000000da960000, 0x00000000db276618, 0x00000000dbe80000)
  to   space 21632K,   0% used [0x00000000dbe80000, 0x00000000dbe80000, 0x00000000dd3a0000)
 tenured generation   total 433340K, used 432322K [0x00000000e0000000, 0x00000000fa72f000, 0x0000000100000000)
   the space 433340K,  99% used [0x00000000e0000000, 0x00000000fa630b50, 0x00000000fa630c00, 0x00000000fa72f000)
 Metaspace       used 52056K, capacity 52670K, committed 52992K, reserved 1095680K
  class space    used 6646K, capacity 6827K, committed 6912K, reserved 1048576K
Event: 943.972 GC heap after
Heap after GC invocations=167 (full 3):
 def new generation   total 195072K, used 9295K [0x00000000d0000000, 0x00000000dd3a0000, 0x00000000e0000000)
  eden space 173440K,   0% used [0x00000000d0000000, 0x00000000d0000000, 0x00000000da960000)
  from space 21632K,  42% used [0x00000000dbe80000, 0x00000000dc793c58, 0x00000000dd3a0000)
  to   space 21632K,   0% used [0x00000000da960000, 0x00000000da960000, 0x00000000dbe80000)
 tenured generation   total 433340K, used 432391K [0x00000000e0000000, 0x00000000fa72f000, 0x0000000100000000)
   the space 433340K,  99% used [0x00000000e0000000, 0x00000000fa641f90, 0x00000000fa642000, 0x00000000fa72f000)
 Metaspace       used 52056K, capacity 52670K, committed 52992K, reserved 1095680K
  class space    used 6646K, capacity 6827K, committed 6912K, reserved 1048576K
}
Event: 961.965 GC heap before
{Heap before GC invocations=167 (full 3):
 def new generation   total 195072K, used 182735K [0x00000000d0000000, 0x00000000dd3a0000, 0x00000000e0000000)
  eden space 173440K, 100% used [0x00000000d0000000, 0x00000000da960000, 0x00000000da960000)
  from space 21632K,  42% used [0x00000000dbe80000, 0x00000000dc793c58, 0x00000000dd3a0000)
  to   space 21632K,   0% used [0x00000000da960000, 0x00000000da960000, 0x00000000dbe80000)
 tenured generation   total 433340K, used 432391K [0x00000000e0000000, 0x00000000fa72f000, 0x0000000100000000)
   the space 433340K,  99% used [0x00000000e0000000, 0x00000000fa641f90, 0x00000000fa642000, 0x00000000fa72f000)
 Metaspace       used 52066K, capacity 52670K, committed 52992K, reserved 1095680K
  class space    used 6647K, capacity 6827K, committed 6912K, reserved 1048576K

